Build started 8/19/2013 3:44:12 PM.
     1>Project "C:\Quarantine\Hardcore\test_Underworld\test_Underworld.vcxproj" on node 3 (Build target(s)).
     1>InitializeBuildStatus:
         Touching "Debug\test_Underworld.unsuccessfulbuild".
       ClCompile:
         C:\Program Files (x86)\Microsoft Visual Studio 11.0\VC\bin\CL.exe /c /ZI /nologo /W3 /WX- /sdl /Od /Oy- /D WIN32 /D _DEBUG /D _WINDOWS /D _UNICODE /D UNICODE /Gm /EHsc /RTC1 /MDd /GS /fp:precise /Zc:wchar_t /Zc:forScope /Yc"stdafx.h" /Fp"Debug\test_Underworld.pch" /Fo"Debug\\" /Fd"Debug\vc110.pdb" /Gd /TP /analyze- /errorReport:prompt stdafx.cpp
         stdafx.cpp
     1>c:\quarantine\hardcore\test_underworld\stdafx.cpp(5): fatal error C1083: Cannot open include file: 'stdafx.h': No such file or directory
     1>Done Building Project "C:\Quarantine\Hardcore\test_Underworld\test_Underworld.vcxproj" (Build target(s)) -- FAILED.

Build FAILED.

Time Elapsed 00:00:00.14
